<?xml version="1.0" encoding="UTF-8" ?>
<testsuite tests="11" failures="0" name="edu.uw.cs.FlightServiceTest" time="78.13" errors="0" skipped="0">
  <properties>
[...]
</properties>
  <testcase classname="edu.uw.cs.FlightServiceTest" name="runTest[0]" time="8.942"/>
  <testcase classname="edu.uw.cs.FlightServiceTest" name="runTest[1]" time="8.736"/>
  <testcase classname="edu.uw.cs.FlightServiceTest" name="runTest[2]" time="7.156"/>
  <testcase classname="edu.uw.cs.FlightServiceTest" name="runTest[3]" time="10.573"/>
  <testcase classname="edu.uw.cs.FlightServiceTest" name="runTest[4]" time="1.887"/>
  <testcase classname="edu.uw.cs.FlightServiceTest" name="runTest[5]" time="2.367"/>
  <testcase classname="edu.uw.cs.FlightServiceTest" name="runTest[6]" time="1.942"/>
  <testcase classname="edu.uw.cs.FlightServiceTest" name="runTest[7]" time="4.927"/>
  <testcase classname="edu.uw.cs.FlightServiceTest" name="runTest[8]" time="8.045"/>
  <testcase classname="edu.uw.cs.FlightServiceTest" name="runTest[9]" time="7.479"/>
  <testcase classname="edu.uw.cs.FlightServiceTest" name="runTest[10]" time="16.076"/>
</testsuite>